{"message":"service https://google.com working","level":"low","createAt":"2024-07-08T17:56:56.060Z"}
{"message":"service https://google.com working","level":"low","createAt":"2024-07-08T17:57:01.026Z"}
{"message":"service https://google.com working","level":"low","createAt":"2024-07-08T17:57:05.423Z"}
{"message":"service https://google.com working","level":"low","createAt":"2024-07-08T17:57:10.739Z"}
{"message":"service https://google.com working","level":"low","createAt":"2024-07-08T17:57:15.418Z"}
{"message":"service https://google.com working","level":"low","createAt":"2024-07-08T17:57:20.728Z"}
{"message":"service https://google.com working","level":"low","createAt":"2024-07-08T17:57:25.421Z"}
{"message":"service https://google.com working","level":"low","createAt":"2024-07-08T17:57:30.780Z"}
{"message":"service https://google.com working","level":"low","createAt":"2024-07-08T17:57:35.421Z"}
{"message":"service https://google.com working","level":"low","createAt":"2024-07-08T17:57:40.580Z"}
{"message":"service https://google.com working","level":"low","createAt":"2024-07-08T17:57:45.593Z"}
{"message":"service https://google.com working","level":"low","createAt":"2024-07-08T17:57:50.654Z"}
{"message":"service https://google.com working","level":"low","createAt":"2024-07-08T17:57:55.568Z"}
{"message":"service https://google.com working","level":"low","createAt":"2024-07-08T17:58:00.571Z"}
{"message":"service https://google.com working","level":"low","createAt":"2024-07-08T17:58:05.772Z"}
{"message":"service https://google.com working","level":"low","createAt":"2024-07-08T17:58:10.420Z"}
{"message":"service https://google.com working","level":"low","createAt":"2024-07-08T17:58:15.705Z"}
{"message":"service https://google.com working","level":"low","createAt":"2024-07-08T17:58:20.405Z"}
{"message":"service https://google.com working","level":"low","createAt":"2024-07-08T17:58:25.559Z"}
{"message":"service https://google.com working","level":"low","createAt":"2024-07-08T17:58:30.564Z"}
{"message":"service https://google.com working","level":"low","createAt":"2024-07-08T17:58:37.222Z"}
{"message":"service https://google.com working","level":"low","createAt":"2024-07-08T17:58:40.399Z"}
{"message":"service https://google.com working","level":"low","createAt":"2024-07-08T17:58:45.726Z"}
{"message":"service https://google.com working","level":"low","createAt":"2024-07-08T17:58:50.557Z"}
{"message":"service https://google.com working","level":"low","createAt":"2024-07-08T17:58:55.749Z"}
{"message":"service https://google.com working","level":"low","createAt":"2024-07-08T17:59:00.438Z"}
{"message":"service https://google.com working","level":"low","createAt":"2024-07-08T17:59:05.800Z"}
{"message":"service https://google.com working","level":"low","createAt":"2024-07-08T17:59:10.421Z"}
{"message":"service https://google.com working","level":"low","createAt":"2024-07-08T17:59:15.576Z"}
{"message":"service https://google.com working","level":"low","createAt":"2024-07-08T17:59:20.643Z"}
{"message":"service https://google.com working","level":"low","createAt":"2024-07-08T17:59:25.566Z"}
{"message":"service https://google.com working","level":"low","createAt":"2024-07-08T17:59:30.586Z"}
{"message":"service https://google.com working","level":"low","createAt":"2024-07-08T17:59:35.740Z"}
{"message":"service https://google.com working","level":"low","createAt":"2024-07-08T17:59:41.559Z"}
{"message":"service https://google.com working","level":"low","createAt":"2024-07-08T17:59:45.393Z"}
{"message":"service https://google.com working","level":"low","createAt":"2024-07-08T17:59:50.743Z"}
{"message":"service https://google.com working","level":"low","createAt":"2024-07-08T17:59:55.427Z"}
{"message":"TypeError: fetch failed","level":"low","createAt":"2024-07-08T18:00:00.217Z"}
{"message":"TypeError: fetch failed","level":"low","createAt":"2024-07-08T18:00:05.024Z"}
{"message":"TypeError: fetch failed","level":"low","createAt":"2024-07-08T18:00:10.017Z"}
{"message":"TypeError: fetch failed","level":"low","createAt":"2024-07-08T18:00:15.055Z"}
{"message":"TypeError: fetch failed","level":"low","createAt":"2024-07-08T18:00:20.020Z"}
{"message":"TypeError: fetch failed","level":"low","createAt":"2024-07-08T18:00:25.060Z"}
{"message":"TypeError: fetch failed","level":"low","createAt":"2024-07-08T18:00:30.010Z"}
{"message":"TypeError: fetch failed","level":"low","createAt":"2024-07-08T18:00:35.021Z"}
{"message":"TypeError: fetch failed","level":"high","createAt":"2024-07-08T18:01:10.260Z"}
{"message":"TypeError: fetch failed","level":"high","createAt":"2024-07-08T18:01:15.044Z"}
{"message":"TypeError: fetch failed","level":"high","createAt":"2024-07-08T18:01:20.024Z"}
{"message":"TypeError: fetch failed","level":"high","createAt":"2024-07-08T18:01:25.019Z"}
{"message":"TypeError: fetch failed","level":"high","createAt":"2024-07-08T18:01:30.010Z"}
{"message":"TypeError: fetch failed","level":"high","createAt":"2024-07-08T18:01:35.021Z"}
{"message":"TypeError: fetch failed","level":"high","createAt":"2024-07-08T18:01:40.021Z"}
{"message":"TypeError: fetch failed","level":"high","createAt":"2024-07-08T18:01:45.020Z"}
{"message":"https://localhost:3000 TypeError: fetch failed","level":"high","createAt":"2024-07-08T18:01:50.272Z"}
{"message":"https://localhost:3000 TypeError: fetch failed","level":"high","createAt":"2024-07-08T18:01:55.022Z"}
{"message":"https://localhost:3000 TypeError: fetch failed","level":"high","createAt":"2024-07-08T18:02:00.024Z"}
{"message":"https://localhost:3000 is not ok. TypeError: fetch failed","level":"high","createAt":"2024-07-08T18:02:10.232Z"}
{"message":"https://localhost:3000 is not ok. TypeError: fetch failed","level":"high","createAt":"2024-07-08T18:02:15.036Z"}
{"message":"https://localhost:3000 is not ok. TypeError: fetch failed","level":"high","createAt":"2024-07-08T18:02:20.021Z"}
{"message":"https://localhost:3000 is not ok. TypeError: fetch failed","level":"high","createAt":"2024-07-08T18:02:25.028Z"}
{"message":"https://localhost:3000 is not ok. TypeError: fetch failed","level":"high","createAt":"2024-07-08T18:02:30.011Z"}
{"message":"https://localhost:3000 is not ok. TypeError: fetch failed","level":"high","createAt":"2024-07-08T18:02:35.018Z"}
{"message":"https://localhost:3000 is not ok. TypeError: fetch failed","level":"high","createAt":"2024-07-08T18:02:40.027Z"}
{"message":"https://localhost:3000 is not ok. TypeError: fetch failed","level":"high","createAt":"2024-07-08T18:02:45.008Z"}
{"message":"https://localhost:3000 is not ok. TypeError: fetch failed","level":"high","createAt":"2024-07-08T18:02:50.023Z"}
{"message":"https://localhost:3000 is not ok. TypeError: fetch failed","level":"high","createAt":"2024-07-08T18:02:55.017Z"}
{"message":"https://localhost:3000 is not ok. TypeError: fetch failed","level":"high","createAt":"2024-07-08T18:03:00.027Z"}
{"message":"https://localhost:3000 is not ok. TypeError: fetch failed","level":"high","createAt":"2024-07-08T18:03:05.019Z"}
{"message":"https://localhost:3000 is not ok. TypeError: fetch failed","level":"high","createAt":"2024-07-08T18:03:10.009Z"}
{"message":"https://localhost:3000 is not ok. TypeError: fetch failed","level":"high","createAt":"2024-07-08T18:03:15.015Z"}
{"message":"https://localhost:3000 is not ok. TypeError: fetch failed","level":"high","createAt":"2024-07-08T18:03:20.026Z"}
{"message":"https://localhost:3000 is not ok. TypeError: fetch failed","level":"high","createAt":"2024-07-08T18:03:25.023Z"}
{"message":"https://localhost:3000 is not ok. TypeError: fetch failed","level":"high","createAt":"2024-07-08T18:03:30.018Z"}
{"message":"https://localhost:3000 is not ok. TypeError: fetch failed","level":"high","createAt":"2024-07-08T18:03:35.008Z"}
{"message":"https://localhost:3000 is not ok. TypeError: fetch failed","level":"high","createAt":"2024-07-08T18:03:40.017Z"}
{"message":"https://localhost:3000 is not ok. TypeError: fetch failed","level":"high","createAt":"2024-07-08T18:03:45.019Z"}
{"message":"https://localhost:3000 is not ok. TypeError: fetch failed","level":"high","createAt":"2024-07-08T18:03:50.020Z"}
{"message":"https://localhost:3000 is not ok. TypeError: fetch failed","level":"high","createAt":"2024-07-08T18:03:55.013Z"}
{"message":"https://localhost:3000 is not ok. TypeError: fetch failed","level":"high","createAt":"2024-07-08T18:04:00.027Z"}
{"message":"https://localhost:3000 is not ok. TypeError: fetch failed","level":"high","createAt":"2024-07-08T18:04:05.028Z"}
{"message":"https://localhost:3000 is not ok. TypeError: fetch failed","level":"high","createAt":"2024-07-08T18:04:10.015Z"}
{"message":"https://localhost:3000 is not ok. TypeError: fetch failed","level":"high","createAt":"2024-07-08T18:04:15.012Z"}
{"message":"https://localhost:3000 is not ok. TypeError: fetch failed","level":"high","createAt":"2024-07-08T18:04:20.016Z"}
{"message":"https://localhost:3000 is not ok. TypeError: fetch failed","level":"high","createAt":"2024-07-08T18:04:25.014Z"}
{"message":"https://localhost:3000 is not ok. TypeError: fetch failed","level":"high","createAt":"2024-07-08T18:04:30.011Z"}
{"message":"https://localhost:3000 is not ok. TypeError: fetch failed","level":"high","createAt":"2024-07-08T18:04:35.017Z"}
{"message":"https://localhost:3000 is not ok. TypeError: fetch failed","level":"high","createAt":"2024-07-08T18:04:40.011Z"}
{"message":"https://localhost:3000 is not ok. TypeError: fetch failed","level":"high","createAt":"2024-07-08T18:04:45.020Z"}
{"message":"https://localhost:3000 is not ok. TypeError: fetch failed","level":"high","createAt":"2024-07-08T18:04:50.013Z"}
{"message":"https://localhost:3000 is not ok. TypeError: fetch failed","level":"high","createAt":"2024-07-08T18:04:55.017Z"}
{"message":"https://localhost:3000 is not ok. TypeError: fetch failed","level":"high","createAt":"2024-07-08T18:05:00.018Z"}
{"message":"https://localhost:3000 is not ok. TypeError: fetch failed","level":"high","createAt":"2024-07-08T18:05:05.016Z"}
{"message":"https://localhost:3000 is not ok. TypeError: fetch failed","level":"high","createAt":"2024-07-08T18:05:10.013Z"}
{"message":"https://localhost:3000 is not ok. TypeError: fetch failed","level":"high","createAt":"2024-07-08T18:05:15.010Z"}
{"message":"https://localhost:3000 is not ok. TypeError: fetch failed","level":"high","createAt":"2024-07-08T18:05:20.016Z"}
{"message":"https://localhost:3000 is not ok. TypeError: fetch failed","level":"high","createAt":"2024-07-08T18:05:25.022Z"}
{"message":"https://localhost:3000 is not ok. TypeError: fetch failed","level":"high","createAt":"2024-07-08T18:05:30.011Z"}
{"message":"https://localhost:3000 is not ok. TypeError: fetch failed","level":"high","createAt":"2024-07-08T18:05:35.012Z"}
{"message":"https://localhost:3000 is not ok. TypeError: fetch failed","level":"high","createAt":"2024-07-08T18:05:40.008Z"}
{"message":"https://localhost:3000 is not ok. TypeError: fetch failed","level":"high","createAt":"2024-07-08T18:05:45.013Z"}
{"message":"https://localhost:3000 is not ok. TypeError: fetch failed","level":"high","createAt":"2024-07-08T18:05:50.011Z"}
{"message":"https://localhost:3000 is not ok. TypeError: fetch failed","level":"high","createAt":"2024-07-08T18:05:55.015Z"}
{"message":"https://localhost:3000 is not ok. TypeError: fetch failed","level":"high","createAt":"2024-07-08T18:06:00.018Z"}
{"message":"https://localhost:3000 is not ok. TypeError: fetch failed","level":"high","createAt":"2024-07-08T18:06:05.021Z"}
{"message":"https://localhost:3000 is not ok. TypeError: fetch failed","level":"high","createAt":"2024-07-08T18:06:10.017Z"}
{"message":"https://localhost:3000 is not ok. TypeError: fetch failed","level":"high","createAt":"2024-07-08T18:06:15.017Z"}
{"message":"https://localhost:3000 is not ok. TypeError: fetch failed","level":"high","createAt":"2024-07-08T18:06:20.022Z"}
{"message":"https://localhost:3000 is not ok. TypeError: fetch failed","level":"high","createAt":"2024-07-08T18:06:25.021Z"}
{"message":"https://localhost:3000 is not ok. TypeError: fetch failed","level":"high","createAt":"2024-07-08T18:06:30.017Z"}
{"message":"https://localhost:3000 is not ok. TypeError: fetch failed","level":"high","createAt":"2024-07-08T18:06:35.012Z"}
{"message":"https://localhost:3000 is not ok. TypeError: fetch failed","level":"high","createAt":"2024-07-08T18:06:40.018Z"}
{"message":"https://localhost:3000 is not ok. TypeError: fetch failed","level":"high","createAt":"2024-07-08T18:06:45.014Z"}
{"message":"https://localhost:3000 is not ok. TypeError: fetch failed","level":"high","createAt":"2024-07-08T18:06:50.018Z"}
{"message":"https://localhost:3000 is not ok. TypeError: fetch failed","level":"high","createAt":"2024-07-08T18:06:55.012Z"}
{"message":"https://localhost:3000 is not ok. TypeError: fetch failed","level":"high","createAt":"2024-07-08T18:07:00.035Z"}
{"message":"https://localhost:3000 is not ok. TypeError: fetch failed","level":"high","createAt":"2024-07-08T18:07:05.011Z"}
{"message":"https://localhost:3000 is not ok. TypeError: fetch failed","level":"high","createAt":"2024-07-08T18:07:10.021Z"}
{"message":"https://localhost:3000 is not ok. TypeError: fetch failed","level":"high","createAt":"2024-07-08T18:07:15.012Z"}
{"message":"https://localhost:3000 is not ok. TypeError: fetch failed","level":"high","createAt":"2024-07-08T18:07:20.024Z"}
{"message":"https://localhost:3000 is not ok. TypeError: fetch failed","level":"high","createAt":"2024-07-08T18:07:25.015Z"}
{"message":"https://localhost:3000 is not ok. TypeError: fetch failed","level":"high","createAt":"2024-07-08T18:07:30.011Z"}
{"message":"https://localhost:3000 is not ok. TypeError: fetch failed","level":"high","createAt":"2024-07-08T18:07:35.017Z"}
{"message":"https://localhost:3000 is not ok. TypeError: fetch failed","level":"high","createAt":"2024-07-08T18:07:40.015Z"}
{"message":"https://localhost:3000 is not ok. TypeError: fetch failed","level":"high","createAt":"2024-07-08T18:07:45.006Z"}
{"message":"https://localhost:3000 is not ok. TypeError: fetch failed","level":"high","createAt":"2024-07-08T18:07:50.022Z"}
{"message":"https://localhost:3000 is not ok. TypeError: fetch failed","level":"high","createAt":"2024-07-08T18:07:55.014Z"}
{"message":"https://localhost:3000 is not ok. TypeError: fetch failed","level":"high","createAt":"2024-07-08T18:08:00.020Z"}
{"message":"https://localhost:3000 is not ok. TypeError: fetch failed","level":"high","createAt":"2024-07-08T18:08:05.021Z"}
{"message":"https://localhost:3000 is not ok. TypeError: fetch failed","level":"high","createAt":"2024-07-08T18:08:10.018Z"}
{"message":"https://localhost:3000 is not ok. TypeError: fetch failed","level":"high","createAt":"2024-07-08T18:08:15.021Z"}
{"message":"https://localhost:3000 is not ok. TypeError: fetch failed","level":"high","createAt":"2024-07-08T18:08:20.016Z"}
{"message":"https://localhost:3000 is not ok. TypeError: fetch failed","level":"high","createAt":"2024-07-08T18:08:25.015Z"}
{"message":"https://localhost:3000 is not ok. TypeError: fetch failed","level":"high","createAt":"2024-07-08T18:08:30.026Z"}
{"message":"https://localhost:3000 is not ok. TypeError: fetch failed","level":"high","createAt":"2024-07-08T18:08:35.010Z"}
{"message":"https://localhost:3000 is not ok. TypeError: fetch failed","level":"high","createAt":"2024-07-08T18:08:40.019Z"}
{"message":"https://localhost:3000 is not ok. TypeError: fetch failed","level":"high","createAt":"2024-07-08T18:08:45.023Z"}
{"message":"https://localhost:3000 is not ok. TypeError: fetch failed","level":"high","createAt":"2024-07-08T18:08:50.022Z"}
{"message":"https://localhost:3000 is not ok. TypeError: fetch failed","level":"high","createAt":"2024-07-08T18:08:55.016Z"}
{"message":"https://localhost:3000 is not ok. TypeError: fetch failed","level":"high","createAt":"2024-07-08T18:09:00.027Z"}
{"message":"https://localhost:3000 is not ok. TypeError: fetch failed","level":"high","createAt":"2024-07-08T18:09:05.016Z"}
{"message":"https://localhost:3000 is not ok. TypeError: fetch failed","level":"high","createAt":"2024-07-08T18:09:10.010Z"}
{"message":"https://localhost:3000 is not ok. TypeError: fetch failed","level":"high","createAt":"2024-07-08T18:09:15.017Z"}
{"message":"https://localhost:3000 is not ok. TypeError: fetch failed","level":"high","createAt":"2024-07-08T18:09:20.012Z"}
{"message":"https://localhost:3000 is not ok. TypeError: fetch failed","level":"high","createAt":"2024-07-08T18:09:25.017Z"}
{"message":"https://localhost:3000 is not ok. TypeError: fetch failed","level":"high","createAt":"2024-07-08T18:09:30.013Z"}
{"message":"https://localhost:3000 is not ok. TypeError: fetch failed","level":"high","createAt":"2024-07-08T18:09:35.024Z"}
{"message":"https://localhost:3000 is not ok. TypeError: fetch failed","level":"high","createAt":"2024-07-08T18:09:40.023Z"}
{"message":"https://localhost:3000 is not ok. TypeError: fetch failed","level":"high","createAt":"2024-07-08T18:09:45.016Z"}
{"message":"https://localhost:3000 is not ok. TypeError: fetch failed","level":"high","createAt":"2024-07-08T18:09:50.014Z"}
{"message":"https://localhost:3000 is not ok. TypeError: fetch failed","level":"high","createAt":"2024-07-08T18:09:55.024Z"}
{"message":"https://localhost:3000 is not ok. TypeError: fetch failed","level":"high","createAt":"2024-07-08T18:10:00.012Z"}
{"message":"https://localhost:3000 is not ok. TypeError: fetch failed","level":"high","createAt":"2024-07-08T18:10:05.013Z"}
{"message":"https://localhost:3000 is not ok. TypeError: fetch failed","level":"high","createAt":"2024-07-08T18:10:10.014Z"}
{"message":"https://localhost:3000 is not ok. TypeError: fetch failed","level":"high","createAt":"2024-07-08T18:10:15.015Z"}
{"message":"https://localhost:3000 is not ok. TypeError: fetch failed","level":"high","createAt":"2024-07-08T18:10:20.025Z"}
{"message":"https://localhost:3000 is not ok. TypeError: fetch failed","level":"high","createAt":"2024-07-08T18:10:25.010Z"}
{"message":"https://localhost:3000 is not ok. TypeError: fetch failed","level":"high","createAt":"2024-07-08T18:10:30.022Z"}
{"message":"https://localhost:3000 is not ok. TypeError: fetch failed","level":"high","createAt":"2024-07-08T18:10:35.023Z"}
{"message":"https://localhost:3000 is not ok. TypeError: fetch failed","level":"high","createAt":"2024-07-08T18:10:40.024Z"}
{"message":"https://localhost:3000 is not ok. TypeError: fetch failed","level":"high","createAt":"2024-07-08T18:10:45.017Z"}
{"message":"https://localhost:3000 is not ok. TypeError: fetch failed","level":"high","createAt":"2024-07-08T18:10:50.017Z"}
{"message":"https://localhost:3000 is not ok. TypeError: fetch failed","level":"high","createAt":"2024-07-08T18:10:55.023Z"}
{"message":"https://localhost:3000 is not ok. TypeError: fetch failed","level":"high","createAt":"2024-07-08T18:11:00.018Z"}
{"message":"https://localhost:3000 is not ok. TypeError: fetch failed","level":"high","createAt":"2024-07-08T18:11:05.012Z"}
{"message":"https://localhost:3000 is not ok. TypeError: fetch failed","level":"high","createAt":"2024-07-08T18:11:10.016Z"}
{"message":"https://localhost:3000 is not ok. TypeError: fetch failed","level":"high","createAt":"2024-07-08T18:11:15.019Z"}
{"message":"https://localhost:3000 is not ok. TypeError: fetch failed","level":"high","createAt":"2024-07-08T18:11:20.012Z"}
{"message":"https://localhost:3000 is not ok. TypeError: fetch failed","level":"high","createAt":"2024-07-08T18:11:25.017Z"}
{"message":"https://localhost:3000 is not ok. TypeError: fetch failed","level":"high","createAt":"2024-07-08T18:11:30.017Z"}
{"message":"https://localhost:3000 is not ok. TypeError: fetch failed","level":"high","createAt":"2024-07-08T18:11:35.011Z"}
{"message":"https://localhost:3000 is not ok. TypeError: fetch failed","level":"high","createAt":"2024-07-08T18:11:40.013Z"}
{"message":"https://localhost:3000 is not ok. TypeError: fetch failed","level":"high","createAt":"2024-07-08T18:11:45.017Z"}
{"message":"https://localhost:3000 is not ok. TypeError: fetch failed","level":"high","createAt":"2024-07-08T18:11:50.020Z"}
{"message":"https://localhost:3000 is not ok. TypeError: fetch failed","level":"high","createAt":"2024-07-08T18:11:55.022Z"}
{"message":"https://localhost:3000 is not ok. TypeError: fetch failed","level":"high","createAt":"2024-07-08T18:12:00.019Z"}
{"message":"https://localhost:3000 is not ok. TypeError: fetch failed","level":"high","createAt":"2024-07-08T18:12:05.021Z"}
{"message":"https://localhost:3000 is not ok. TypeError: fetch failed","level":"high","createAt":"2024-07-08T18:12:10.023Z"}
{"message":"https://localhost:3000 is not ok. TypeError: fetch failed","level":"high","createAt":"2024-07-08T18:12:15.008Z"}
{"message":"https://localhost:3000 is not ok. TypeError: fetch failed","level":"high","createAt":"2024-07-08T18:12:20.012Z"}
{"message":"https://localhost:3000 is not ok. TypeError: fetch failed","level":"high","createAt":"2024-07-08T18:12:25.025Z"}
{"message":"https://localhost:3000 is not ok. TypeError: fetch failed","level":"high","createAt":"2024-07-08T18:12:30.014Z"}
{"message":"https://localhost:3000 is not ok. TypeError: fetch failed","level":"high","createAt":"2024-07-08T18:12:35.017Z"}
{"message":"https://localhost:3000 is not ok. TypeError: fetch failed","level":"high","createAt":"2024-07-08T18:12:40.026Z"}
{"message":"https://localhost:3000 is not ok. TypeError: fetch failed","level":"high","createAt":"2024-07-08T18:12:45.021Z"}
{"message":"https://localhost:3000 is not ok. TypeError: fetch failed","level":"high","createAt":"2024-07-08T18:12:50.009Z"}
{"message":"https://localhost:3000 is not ok. TypeError: fetch failed","level":"high","createAt":"2024-07-08T18:12:55.020Z"}
{"message":"https://localhost:3000 is not ok. TypeError: fetch failed","level":"high","createAt":"2024-07-08T18:13:00.025Z"}
{"message":"https://localhost:3000 is not ok. TypeError: fetch failed","level":"high","createAt":"2024-07-08T18:13:05.019Z"}
{"message":"https://localhost:3000 is not ok. TypeError: fetch failed","level":"high","createAt":"2024-07-08T18:13:10.022Z"}
{"message":"https://localhost:3000 is not ok. TypeError: fetch failed","level":"high","createAt":"2024-07-08T18:13:15.020Z"}
{"message":"https://localhost:3000 is not ok. TypeError: fetch failed","level":"high","createAt":"2024-07-08T18:13:20.011Z"}
{"message":"https://localhost:3000 is not ok. TypeError: fetch failed","level":"high","createAt":"2024-07-08T18:13:25.017Z"}
{"message":"https://localhost:3000 is not ok. TypeError: fetch failed","level":"high","createAt":"2024-07-08T18:13:30.015Z"}
{"message":"https://localhost:3000 is not ok. TypeError: fetch failed","level":"high","createAt":"2024-07-08T18:13:35.017Z"}
{"message":"https://localhost:3000 is not ok. TypeError: fetch failed","level":"high","createAt":"2024-07-08T18:13:40.019Z"}
{"message":"https://localhost:3000 is not ok. TypeError: fetch failed","level":"high","createAt":"2024-07-08T18:13:45.012Z"}
{"message":"https://localhost:3000 is not ok. TypeError: fetch failed","level":"high","createAt":"2024-07-08T18:13:50.015Z"}
{"message":"https://localhost:3000 is not ok. TypeError: fetch failed","level":"high","createAt":"2024-07-08T18:13:55.013Z"}
{"message":"https://localhost:3000 is not ok. TypeError: fetch failed","level":"high","createAt":"2024-07-08T18:14:00.022Z"}
{"message":"https://localhost:3000 is not ok. TypeError: fetch failed","level":"high","createAt":"2024-07-08T18:14:05.015Z"}
{"message":"https://localhost:3000 is not ok. TypeError: fetch failed","level":"high","createAt":"2024-07-08T18:14:10.023Z"}
{"message":"https://localhost:3000 is not ok. TypeError: fetch failed","level":"high","createAt":"2024-07-08T18:14:15.025Z"}
{"message":"https://localhost:3000 is not ok. TypeError: fetch failed","level":"high","createAt":"2024-07-08T18:14:20.016Z"}
{"message":"https://localhost:3000 is not ok. TypeError: fetch failed","level":"high","createAt":"2024-07-08T18:14:25.017Z"}
{"message":"https://localhost:3000 is not ok. TypeError: fetch failed","level":"high","createAt":"2024-07-08T18:14:30.020Z"}
{"message":"https://localhost:3000 is not ok. TypeError: fetch failed","level":"high","createAt":"2024-07-08T18:14:35.012Z"}
{"message":"https://localhost:3000 is not ok. TypeError: fetch failed","level":"high","createAt":"2024-07-08T18:14:40.018Z"}
{"message":"https://localhost:3000 is not ok. TypeError: fetch failed","level":"high","createAt":"2024-07-08T18:14:45.014Z"}
{"message":"https://localhost:3000 is not ok. TypeError: fetch failed","level":"high","createAt":"2024-07-08T18:14:50.024Z"}
{"message":"https://localhost:3000 is not ok. TypeError: fetch failed","level":"high","createAt":"2024-07-08T18:14:55.026Z"}
{"message":"https://localhost:3000 is not ok. TypeError: fetch failed","level":"high","createAt":"2024-07-08T18:15:00.029Z"}
{"message":"https://localhost:3000 is not ok. TypeError: fetch failed","level":"high","createAt":"2024-07-08T18:15:05.020Z"}
{"message":"https://localhost:3000 is not ok. TypeError: fetch failed","level":"high","createAt":"2024-07-08T18:15:10.013Z"}
{"message":"https://localhost:3000 is not ok. TypeError: fetch failed","level":"high","createAt":"2024-07-08T18:15:15.008Z"}
{"message":"https://localhost:3000 is not ok. TypeError: fetch failed","level":"high","createAt":"2024-07-08T18:15:20.014Z"}
{"message":"https://localhost:3000 is not ok. TypeError: fetch failed","level":"high","createAt":"2024-07-08T18:15:25.011Z"}
{"message":"https://localhost:3000 is not ok. TypeError: fetch failed","level":"high","createAt":"2024-07-08T18:15:30.018Z"}
{"message":"https://localhost:3000 is not ok. TypeError: fetch failed","level":"high","createAt":"2024-07-08T18:15:35.026Z"}
{"message":"https://localhost:3000 is not ok. TypeError: fetch failed","level":"high","createAt":"2024-07-08T18:15:40.016Z"}
{"message":"https://localhost:3000 is not ok. TypeError: fetch failed","level":"high","createAt":"2024-07-08T18:15:45.015Z"}
{"message":"https://localhost:3000 is not ok. TypeError: fetch failed","level":"high","createAt":"2024-07-08T18:15:50.012Z"}
{"message":"https://localhost:3000 is not ok. TypeError: fetch failed","level":"high","createAt":"2024-07-08T18:15:55.018Z"}
{"message":"https://localhost:3000 is not ok. TypeError: fetch failed","level":"high","createAt":"2024-07-08T18:16:00.019Z"}
{"message":"https://localhost:3000 is not ok. TypeError: fetch failed","level":"high","createAt":"2024-07-08T18:16:05.023Z"}
{"message":"https://localhost:3000 is not ok. TypeError: fetch failed","level":"high","createAt":"2024-07-08T18:16:10.005Z"}
{"message":"https://localhost:3000 is not ok. TypeError: fetch failed","level":"high","createAt":"2024-07-08T18:16:15.017Z"}
{"message":"https://localhost:3000 is not ok. TypeError: fetch failed","level":"high","createAt":"2024-07-08T18:16:20.025Z"}
{"message":"https://localhost:3000 is not ok. TypeError: fetch failed","level":"high","createAt":"2024-07-08T18:16:25.024Z"}
{"message":"https://localhost:3000 is not ok. TypeError: fetch failed","level":"high","createAt":"2024-07-08T18:16:30.011Z"}
{"message":"https://localhost:3000 is not ok. TypeError: fetch failed","level":"high","createAt":"2024-07-08T18:16:35.024Z"}
{"message":"https://localhost:3000 is not ok. TypeError: fetch failed","level":"high","createAt":"2024-07-08T18:16:40.016Z"}
{"message":"https://localhost:3000 is not ok. TypeError: fetch failed","level":"high","createAt":"2024-07-08T18:16:45.007Z"}
{"message":"https://localhost:3000 is not ok. TypeError: fetch failed","level":"high","createAt":"2024-07-08T18:16:50.018Z"}
{"message":"https://localhost:3000 is not ok. TypeError: fetch failed","level":"high","createAt":"2024-07-08T18:16:55.018Z"}
{"message":"https://localhost:3000 is not ok. TypeError: fetch failed","level":"high","createAt":"2024-07-08T18:17:00.033Z"}
{"message":"https://localhost:3000 is not ok. TypeError: fetch failed","level":"high","createAt":"2024-07-08T18:17:05.019Z"}
{"message":"https://localhost:3000 is not ok. TypeError: fetch failed","level":"high","createAt":"2024-07-08T18:17:10.021Z"}
{"message":"https://localhost:3000 is not ok. TypeError: fetch failed","level":"high","createAt":"2024-07-08T18:17:15.016Z"}
{"message":"https://localhost:3000 is not ok. TypeError: fetch failed","level":"high","createAt":"2024-07-08T18:17:20.014Z"}
{"message":"https://localhost:3000 is not ok. TypeError: fetch failed","level":"high","createAt":"2024-07-08T18:17:25.010Z"}
{"message":"https://localhost:3000 is not ok. TypeError: fetch failed","level":"high","createAt":"2024-07-08T18:17:30.004Z"}
{"message":"https://localhost:3000 is not ok. TypeError: fetch failed","level":"high","createAt":"2024-07-08T18:17:35.023Z"}
{"message":"https://localhost:3000 is not ok. TypeError: fetch failed","level":"high","createAt":"2024-07-08T18:17:40.022Z"}
{"message":"https://localhost:3000 is not ok. TypeError: fetch failed","level":"high","createAt":"2024-07-08T18:17:45.022Z"}
{"message":"https://localhost:3000 is not ok. TypeError: fetch failed","level":"high","createAt":"2024-07-08T18:17:50.019Z"}
{"message":"https://localhost:3000 is not ok. TypeError: fetch failed","level":"high","createAt":"2024-07-08T18:17:55.005Z"}
{"message":"https://localhost:3000 is not ok. TypeError: fetch failed","level":"high","createAt":"2024-07-08T18:18:00.023Z"}
{"message":"https://localhost:3000 is not ok. TypeError: fetch failed","level":"high","createAt":"2024-07-08T18:18:05.018Z"}
{"message":"https://localhost:3000 is not ok. TypeError: fetch failed","level":"high","createAt":"2024-07-08T18:18:10.007Z"}
{"message":"https://localhost:3000 is not ok. TypeError: fetch failed","level":"high","createAt":"2024-07-08T18:18:15.005Z"}
{"message":"https://localhost:3000 is not ok. TypeError: fetch failed","level":"high","createAt":"2024-07-08T18:18:20.018Z"}
{"message":"https://localhost:3000 is not ok. TypeError: fetch failed","level":"high","createAt":"2024-07-08T18:18:25.022Z"}
{"message":"https://localhost:3000 is not ok. TypeError: fetch failed","level":"high","createAt":"2024-07-08T18:18:30.009Z"}
{"message":"https://localhost:3000 is not ok. TypeError: fetch failed","level":"high","createAt":"2024-07-08T18:18:35.022Z"}
{"message":"https://localhost:3000 is not ok. TypeError: fetch failed","level":"high","createAt":"2024-07-08T18:18:40.016Z"}
{"message":"https://localhost:3000 is not ok. TypeError: fetch failed","level":"high","createAt":"2024-07-08T18:18:45.026Z"}
{"message":"https://localhost:3000 is not ok. TypeError: fetch failed","level":"high","createAt":"2024-07-08T18:18:50.022Z"}
{"message":"https://localhost:3000 is not ok. TypeError: fetch failed","level":"high","createAt":"2024-07-08T18:18:55.021Z"}
{"message":"https://localhost:3000 is not ok. TypeError: fetch failed","level":"high","createAt":"2024-07-08T18:19:00.026Z"}
{"message":"https://localhost:3000 is not ok. TypeError: fetch failed","level":"high","createAt":"2024-07-08T18:19:05.016Z"}
{"message":"https://localhost:3000 is not ok. TypeError: fetch failed","level":"high","createAt":"2024-07-08T18:19:10.029Z"}
{"message":"https://localhost:3000 is not ok. TypeError: fetch failed","level":"high","createAt":"2024-07-08T18:19:15.016Z"}
{"message":"https://localhost:3000 is not ok. TypeError: fetch failed","level":"high","createAt":"2024-07-08T18:19:20.015Z"}
{"message":"https://localhost:3000 is not ok. TypeError: fetch failed","level":"high","createAt":"2024-07-08T18:19:25.016Z"}
{"message":"https://localhost:3000 is not ok. TypeError: fetch failed","level":"high","createAt":"2024-07-08T18:19:30.014Z"}
{"message":"https://localhost:3000 is not ok. TypeError: fetch failed","level":"high","createAt":"2024-07-08T18:19:35.018Z"}
{"message":"https://localhost:3000 is not ok. TypeError: fetch failed","level":"high","createAt":"2024-07-08T18:19:40.022Z"}
{"message":"https://localhost:3000 is not ok. TypeError: fetch failed","level":"high","createAt":"2024-07-08T18:19:45.016Z"}
{"message":"https://localhost:3000 is not ok. TypeError: fetch failed","level":"high","createAt":"2024-07-08T18:19:50.008Z"}
{"message":"https://localhost:3000 is not ok. TypeError: fetch failed","level":"high","createAt":"2024-07-08T18:19:55.025Z"}
{"message":"https://localhost:3000 is not ok. TypeError: fetch failed","level":"high","createAt":"2024-07-08T18:20:00.020Z"}
{"message":"https://localhost:3000 is not ok. TypeError: fetch failed","level":"high","createAt":"2024-07-08T18:20:05.025Z"}
{"message":"https://localhost:3000 is not ok. TypeError: fetch failed","level":"high","createAt":"2024-07-08T18:20:10.009Z"}
{"message":"https://localhost:3000 is not ok. TypeError: fetch failed","level":"high","createAt":"2024-07-08T18:20:15.019Z"}
{"message":"https://localhost:3000 is not ok. TypeError: fetch failed","level":"high","createAt":"2024-07-08T18:20:20.025Z"}
{"message":"https://localhost:3000 is not ok. TypeError: fetch failed","level":"high","createAt":"2024-07-08T18:20:25.013Z"}
{"message":"https://localhost:3000 is not ok. TypeError: fetch failed","level":"high","createAt":"2024-07-08T18:20:30.015Z"}
{"message":"https://localhost:3000 is not ok. TypeError: fetch failed","level":"high","createAt":"2024-07-08T18:20:35.016Z"}
{"message":"https://localhost:3000 is not ok. TypeError: fetch failed","level":"high","createAt":"2024-07-08T18:20:40.022Z"}
{"message":"https://localhost:3000 is not ok. TypeError: fetch failed","level":"high","createAt":"2024-07-08T18:20:45.012Z"}
{"message":"https://localhost:3000 is not ok. TypeError: fetch failed","level":"high","createAt":"2024-07-08T18:20:50.015Z"}
{"message":"https://localhost:3000 is not ok. TypeError: fetch failed","level":"high","createAt":"2024-07-08T18:20:55.025Z"}
{"message":"https://localhost:3000 is not ok. TypeError: fetch failed","level":"high","createAt":"2024-07-08T18:21:00.021Z"}
{"message":"https://localhost:3000 is not ok. TypeError: fetch failed","level":"high","createAt":"2024-07-08T18:21:05.020Z"}
{"message":"https://localhost:3000 is not ok. TypeError: fetch failed","level":"high","createAt":"2024-07-08T18:21:10.019Z"}
{"message":"https://localhost:3000 is not ok. TypeError: fetch failed","level":"high","createAt":"2024-07-08T18:21:15.012Z"}
{"message":"https://localhost:3000 is not ok. TypeError: fetch failed","level":"high","createAt":"2024-07-08T18:21:20.014Z"}
{"message":"https://localhost:3000 is not ok. TypeError: fetch failed","level":"high","createAt":"2024-07-08T18:21:25.023Z"}
{"message":"https://localhost:3000 is not ok. TypeError: fetch failed","level":"high","createAt":"2024-07-08T18:21:30.011Z"}
{"message":"https://localhost:3000 is not ok. TypeError: fetch failed","level":"high","createAt":"2024-07-08T18:21:35.013Z"}
{"message":"https://localhost:3000 is not ok. TypeError: fetch failed","level":"high","createAt":"2024-07-08T18:21:40.024Z"}
{"message":"https://localhost:3000 is not ok. TypeError: fetch failed","level":"high","createAt":"2024-07-08T18:21:45.014Z"}
{"message":"https://localhost:3000 is not ok. TypeError: fetch failed","level":"high","createAt":"2024-07-08T18:21:50.025Z"}
{"message":"https://localhost:3000 is not ok. TypeError: fetch failed","level":"high","createAt":"2024-07-08T18:21:55.013Z"}
{"message":"https://localhost:3000 is not ok. TypeError: fetch failed","level":"high","createAt":"2024-07-08T18:22:00.030Z"}
{"message":"https://localhost:3000 is not ok. TypeError: fetch failed","level":"high","createAt":"2024-07-08T18:22:05.022Z"}
{"message":"https://localhost:3000 is not ok. TypeError: fetch failed","level":"high","createAt":"2024-07-08T18:22:10.022Z"}
{"message":"https://localhost:3000 is not ok. TypeError: fetch failed","level":"high","createAt":"2024-07-08T18:22:15.013Z"}
{"message":"https://localhost:3000 is not ok. TypeError: fetch failed","level":"high","createAt":"2024-07-08T18:22:20.011Z"}
{"message":"https://localhost:3000 is not ok. TypeError: fetch failed","level":"high","createAt":"2024-07-08T18:22:25.024Z"}
{"message":"https://localhost:3000 is not ok. TypeError: fetch failed","level":"high","createAt":"2024-07-08T18:22:30.011Z"}
{"message":"https://localhost:3000 is not ok. TypeError: fetch failed","level":"high","createAt":"2024-07-08T18:22:35.020Z"}
{"message":"https://localhost:3000 is not ok. TypeError: fetch failed","level":"high","createAt":"2024-07-08T18:22:40.014Z"}
{"message":"https://localhost:3000 is not ok. TypeError: fetch failed","level":"high","createAt":"2024-07-08T18:22:45.022Z"}
{"message":"https://localhost:3000 is not ok. TypeError: fetch failed","level":"high","createAt":"2024-07-08T18:22:50.016Z"}
{"message":"https://localhost:3000 is not ok. TypeError: fetch failed","level":"high","createAt":"2024-07-08T18:22:55.014Z"}
{"message":"https://localhost:3000 is not ok. TypeError: fetch failed","level":"high","createAt":"2024-07-08T18:23:00.022Z"}
{"message":"https://localhost:3000 is not ok. TypeError: fetch failed","level":"high","createAt":"2024-07-08T18:23:05.019Z"}
{"message":"https://localhost:3000 is not ok. TypeError: fetch failed","level":"high","createAt":"2024-07-08T18:23:10.011Z"}
{"message":"https://localhost:3000 is not ok. TypeError: fetch failed","level":"high","createAt":"2024-07-08T18:23:15.019Z"}
{"message":"https://localhost:3000 is not ok. TypeError: fetch failed","level":"high","createAt":"2024-07-08T18:23:20.018Z"}
{"message":"https://localhost:3000 is not ok. TypeError: fetch failed","level":"high","createAt":"2024-07-08T18:23:25.005Z"}
{"message":"https://localhost:3000 is not ok. TypeError: fetch failed","level":"high","createAt":"2024-07-08T18:23:30.021Z"}
{"message":"https://localhost:3000 is not ok. TypeError: fetch failed","level":"high","createAt":"2024-07-08T18:23:35.007Z"}
{"message":"https://localhost:3000 is not ok. TypeError: fetch failed","level":"high","createAt":"2024-07-08T18:23:40.021Z"}
{"message":"https://localhost:3000 is not ok. TypeError: fetch failed","level":"high","createAt":"2024-07-08T18:23:45.024Z"}
{"message":"https://localhost:3000 is not ok. TypeError: fetch failed","level":"high","createAt":"2024-07-08T18:23:50.021Z"}
{"message":"https://localhost:3000 is not ok. TypeError: fetch failed","level":"high","createAt":"2024-07-08T18:23:55.011Z"}
{"message":"https://localhost:3000 is not ok. TypeError: fetch failed","level":"high","createAt":"2024-07-08T18:24:00.020Z"}
{"message":"https://localhost:3000 is not ok. TypeError: fetch failed","level":"high","createAt":"2024-07-08T18:24:05.012Z"}
{"message":"https://localhost:3000 is not ok. TypeError: fetch failed","level":"high","createAt":"2024-07-08T18:24:10.006Z"}
{"message":"https://localhost:3000 is not ok. TypeError: fetch failed","level":"high","createAt":"2024-07-08T18:24:15.027Z"}
{"message":"https://localhost:3000 is not ok. TypeError: fetch failed","level":"high","createAt":"2024-07-08T18:24:20.025Z"}
{"message":"https://localhost:3000 is not ok. TypeError: fetch failed","level":"high","createAt":"2024-07-08T18:24:25.022Z"}
{"message":"https://localhost:3000 is not ok. TypeError: fetch failed","level":"high","createAt":"2024-07-08T18:24:30.021Z"}
{"message":"https://localhost:3000 is not ok. TypeError: fetch failed","level":"high","createAt":"2024-07-08T18:24:35.024Z"}
{"message":"https://localhost:3000 is not ok. TypeError: fetch failed","level":"high","createAt":"2024-07-08T18:24:40.007Z"}
{"message":"https://localhost:3000 is not ok. TypeError: fetch failed","level":"high","createAt":"2024-07-08T18:24:45.010Z"}
{"message":"https://localhost:3000 is not ok. TypeError: fetch failed","level":"high","createAt":"2024-07-08T18:24:50.009Z"}
{"message":"https://localhost:3000 is not ok. TypeError: fetch failed","level":"high","createAt":"2024-07-08T18:24:55.019Z"}
{"message":"https://localhost:3000 is not ok. TypeError: fetch failed","level":"high","createAt":"2024-07-08T18:25:00.037Z"}
{"message":"https://localhost:3000 is not ok. TypeError: fetch failed","level":"high","createAt":"2024-07-08T18:25:05.012Z"}
{"message":"https://localhost:3000 is not ok. TypeError: fetch failed","level":"high","createAt":"2024-07-08T18:25:10.015Z"}
{"message":"https://localhost:3000 is not ok. TypeError: fetch failed","level":"high","createAt":"2024-07-08T18:25:15.010Z"}
{"message":"https://localhost:3000 is not ok. TypeError: fetch failed","level":"high","createAt":"2024-07-08T18:25:20.022Z"}
{"message":"https://localhost:3000 is not ok. TypeError: fetch failed","level":"high","createAt":"2024-07-08T18:25:25.024Z"}
{"message":"https://localhost:3000 is not ok. TypeError: fetch failed","level":"high","createAt":"2024-07-08T18:25:30.017Z"}
{"message":"https://localhost:3000 is not ok. TypeError: fetch failed","level":"high","createAt":"2024-07-08T18:25:35.020Z"}
{"message":"https://localhost:3000 is not ok. TypeError: fetch failed","level":"high","createAt":"2024-07-08T18:25:40.012Z"}
{"message":"https://localhost:3000 is not ok. TypeError: fetch failed","level":"high","createAt":"2024-07-08T18:25:45.018Z"}
{"message":"https://localhost:3000 is not ok. TypeError: fetch failed","level":"high","createAt":"2024-07-08T18:25:50.013Z"}
{"message":"https://localhost:3000 is not ok. TypeError: fetch failed","level":"high","createAt":"2024-07-08T18:25:55.011Z"}
{"message":"https://localhost:3000 is not ok. TypeError: fetch failed","level":"high","createAt":"2024-07-08T18:26:00.024Z"}
{"message":"https://localhost:3000 is not ok. TypeError: fetch failed","level":"high","createAt":"2024-07-08T18:26:05.024Z"}
{"message":"https://localhost:3000 is not ok. TypeError: fetch failed","level":"high","createAt":"2024-07-08T18:26:10.023Z"}
{"message":"https://localhost:3000 is not ok. TypeError: fetch failed","level":"high","createAt":"2024-07-08T18:26:15.013Z"}
{"message":"https://localhost:3000 is not ok. TypeError: fetch failed","level":"high","createAt":"2024-07-08T18:26:20.027Z"}
{"message":"https://localhost:3000 is not ok. TypeError: fetch failed","level":"high","createAt":"2024-07-08T18:26:25.006Z"}
{"message":"https://localhost:3000 is not ok. TypeError: fetch failed","level":"high","createAt":"2024-07-08T18:26:30.008Z"}
{"message":"https://localhost:3000 is not ok. TypeError: fetch failed","level":"high","createAt":"2024-07-08T18:26:35.014Z"}
{"message":"https://localhost:3000 is not ok. TypeError: fetch failed","level":"high","createAt":"2024-07-08T18:26:40.014Z"}
{"message":"https://localhost:3000 is not ok. TypeError: fetch failed","level":"high","createAt":"2024-07-08T18:26:45.007Z"}
{"message":"https://localhost:3000 is not ok. TypeError: fetch failed","level":"high","createAt":"2024-07-08T18:26:50.026Z"}
{"message":"https://localhost:3000 is not ok. TypeError: fetch failed","level":"high","createAt":"2024-07-08T18:26:55.012Z"}
{"message":"https://localhost:3000 is not ok. TypeError: fetch failed","level":"high","createAt":"2024-07-08T18:27:00.011Z"}
{"message":"https://localhost:3000 is not ok. TypeError: fetch failed","level":"high","createAt":"2024-07-08T18:27:05.021Z"}
{"message":"https://localhost:3000 is not ok. TypeError: fetch failed","level":"high","createAt":"2024-07-08T18:27:10.024Z"}
{"message":"https://localhost:3000 is not ok. TypeError: fetch failed","level":"high","createAt":"2024-07-08T18:27:15.024Z"}
{"message":"https://localhost:3000 is not ok. TypeError: fetch failed","level":"high","createAt":"2024-07-08T18:27:20.017Z"}
{"message":"https://localhost:3000 is not ok. TypeError: fetch failed","level":"high","createAt":"2024-07-08T18:27:25.019Z"}
{"message":"https://localhost:3000 is not ok. TypeError: fetch failed","level":"high","createAt":"2024-07-08T18:27:30.022Z"}
{"message":"https://localhost:3000 is not ok. TypeError: fetch failed","level":"high","createAt":"2024-07-08T18:27:35.018Z"}
{"message":"https://localhost:3000 is not ok. TypeError: fetch failed","level":"high","createAt":"2024-07-08T18:27:40.025Z"}
{"message":"https://localhost:3000 is not ok. TypeError: fetch failed","level":"high","createAt":"2024-07-08T18:27:45.012Z"}
{"message":"https://localhost:3000 is not ok. TypeError: fetch failed","level":"high","createAt":"2024-07-08T18:27:50.012Z"}
{"message":"https://localhost:3000 is not ok. TypeError: fetch failed","level":"high","createAt":"2024-07-08T18:27:55.012Z"}
{"message":"https://localhost:3000 is not ok. TypeError: fetch failed","level":"high","createAt":"2024-07-08T18:28:00.035Z"}
{"message":"https://localhost:3000 is not ok. TypeError: fetch failed","level":"high","createAt":"2024-07-08T18:28:05.019Z"}
{"message":"https://localhost:3000 is not ok. TypeError: fetch failed","level":"high","createAt":"2024-07-08T18:28:10.004Z"}
{"message":"https://localhost:3000 is not ok. TypeError: fetch failed","level":"high","createAt":"2024-07-08T18:28:15.023Z"}
{"message":"https://localhost:3000 is not ok. TypeError: fetch failed","level":"high","createAt":"2024-07-08T18:28:20.022Z"}
{"message":"https://localhost:3000 is not ok. TypeError: fetch failed","level":"high","createAt":"2024-07-08T18:28:25.020Z"}
{"message":"https://localhost:3000 is not ok. TypeError: fetch failed","level":"high","createAt":"2024-07-08T18:28:30.007Z"}
{"message":"https://localhost:3000 is not ok. TypeError: fetch failed","level":"high","createAt":"2024-07-08T18:28:35.018Z"}
{"message":"https://localhost:3000 is not ok. TypeError: fetch failed","level":"high","createAt":"2024-07-08T18:28:40.010Z"}
{"message":"https://localhost:3000 is not ok. TypeError: fetch failed","level":"high","createAt":"2024-07-08T18:28:45.023Z"}
{"message":"https://localhost:3000 is not ok. TypeError: fetch failed","level":"high","createAt":"2024-07-08T18:28:50.019Z"}
{"message":"https://localhost:3000 is not ok. TypeError: fetch failed","level":"high","createAt":"2024-07-08T18:28:55.018Z"}
{"message":"https://localhost:3000 is not ok. TypeError: fetch failed","level":"high","createAt":"2024-07-08T18:29:00.030Z"}
{"message":"https://localhost:3000 is not ok. TypeError: fetch failed","level":"high","createAt":"2024-07-08T18:29:05.022Z"}
{"message":"https://localhost:3000 is not ok. TypeError: fetch failed","level":"high","createAt":"2024-07-08T18:29:10.023Z"}
{"message":"https://localhost:3000 is not ok. TypeError: fetch failed","level":"high","createAt":"2024-07-08T18:29:15.010Z"}
{"message":"https://localhost:3000 is not ok. TypeError: fetch failed","level":"high","createAt":"2024-07-08T18:29:20.009Z"}
{"message":"https://localhost:3000 is not ok. TypeError: fetch failed","level":"high","createAt":"2024-07-08T18:29:25.014Z"}
{"message":"https://localhost:3000 is not ok. TypeError: fetch failed","level":"high","createAt":"2024-07-08T18:29:30.018Z"}
{"message":"https://localhost:3000 is not ok. TypeError: fetch failed","level":"high","createAt":"2024-07-08T18:29:35.022Z"}
{"message":"https://localhost:3000 is not ok. TypeError: fetch failed","level":"high","createAt":"2024-07-08T18:29:40.027Z"}
{"message":"https://localhost:3000 is not ok. TypeError: fetch failed","level":"high","createAt":"2024-07-08T18:29:45.014Z"}
{"message":"https://localhost:3000 is not ok. TypeError: fetch failed","level":"high","createAt":"2024-07-08T18:29:50.014Z"}
{"message":"https://localhost:3000 is not ok. TypeError: fetch failed","level":"high","createAt":"2024-07-08T18:29:55.016Z"}
{"message":"https://localhost:3000 is not ok. TypeError: fetch failed","level":"high","createAt":"2024-07-08T18:30:00.029Z"}
{"message":"https://localhost:3000 is not ok. TypeError: fetch failed","level":"high","createAt":"2024-07-08T18:30:05.023Z"}
{"message":"https://localhost:3000 is not ok. TypeError: fetch failed","level":"high","createAt":"2024-07-08T18:30:10.025Z"}
{"message":"https://localhost:3000 is not ok. TypeError: fetch failed","level":"high","createAt":"2024-07-08T18:30:15.013Z"}
{"message":"https://localhost:3000 is not ok. TypeError: fetch failed","level":"high","createAt":"2024-07-08T18:30:20.014Z"}
{"message":"https://localhost:3000 is not ok. TypeError: fetch failed","level":"high","createAt":"2024-07-08T18:30:25.012Z"}
{"message":"https://localhost:3000 is not ok. TypeError: fetch failed","level":"high","createAt":"2024-07-08T18:30:30.022Z"}
{"message":"https://localhost:3000 is not ok. TypeError: fetch failed","level":"high","createAt":"2024-07-08T18:30:35.012Z"}
{"message":"https://localhost:3000 is not ok. TypeError: fetch failed","level":"high","createAt":"2024-07-08T18:30:40.024Z"}
{"message":"https://localhost:3000 is not ok. TypeError: fetch failed","level":"high","createAt":"2024-07-08T18:30:45.013Z"}
{"message":"https://localhost:3000 is not ok. TypeError: fetch failed","level":"high","createAt":"2024-07-08T18:30:50.014Z"}
{"message":"https://localhost:3000 is not ok. TypeError: fetch failed","level":"high","createAt":"2024-07-08T18:30:55.019Z"}
{"message":"https://localhost:3000 is not ok. TypeError: fetch failed","level":"high","createAt":"2024-07-08T18:31:00.017Z"}
{"message":"https://localhost:3000 is not ok. TypeError: fetch failed","level":"high","createAt":"2024-07-08T18:31:05.014Z"}
{"message":"https://localhost:3000 is not ok. TypeError: fetch failed","level":"high","createAt":"2024-07-08T18:31:10.011Z"}
{"message":"https://localhost:3000 is not ok. TypeError: fetch failed","level":"high","createAt":"2024-07-08T18:31:15.014Z"}
{"message":"https://localhost:3000 is not ok. TypeError: fetch failed","level":"high","createAt":"2024-07-08T18:31:20.015Z"}
{"message":"https://localhost:3000 is not ok. TypeError: fetch failed","level":"high","createAt":"2024-07-08T18:31:25.026Z"}
{"message":"https://localhost:3000 is not ok. TypeError: fetch failed","level":"high","createAt":"2024-07-08T18:31:30.010Z"}
{"message":"https://localhost:3000 is not ok. TypeError: fetch failed","level":"high","createAt":"2024-07-08T18:31:35.019Z"}
{"message":"https://localhost:3000 is not ok. TypeError: fetch failed","level":"high","createAt":"2024-07-08T18:31:40.009Z"}
{"message":"https://localhost:3000 is not ok. TypeError: fetch failed","level":"high","createAt":"2024-07-08T18:31:45.021Z"}
{"message":"https://localhost:3000 is not ok. TypeError: fetch failed","level":"high","createAt":"2024-07-08T18:31:50.014Z"}
{"message":"https://localhost:3000 is not ok. TypeError: fetch failed","level":"high","createAt":"2024-07-08T18:31:55.011Z"}
{"message":"https://localhost:3000 is not ok. TypeError: fetch failed","level":"high","createAt":"2024-07-08T18:32:00.023Z"}
{"message":"https://localhost:3000 is not ok. TypeError: fetch failed","level":"high","createAt":"2024-07-08T18:32:05.020Z"}
{"message":"https://localhost:3000 is not ok. TypeError: fetch failed","level":"high","createAt":"2024-07-08T18:32:10.021Z"}
{"message":"https://localhost:3000 is not ok. TypeError: fetch failed","level":"high","createAt":"2024-07-08T18:32:15.019Z"}
{"message":"https://localhost:3000 is not ok. TypeError: fetch failed","level":"high","createAt":"2024-07-08T18:32:20.021Z"}
{"message":"https://localhost:3000 is not ok. TypeError: fetch failed","level":"high","createAt":"2024-07-08T18:32:25.022Z"}
{"message":"https://localhost:3000 is not ok. TypeError: fetch failed","level":"high","createAt":"2024-07-08T18:32:30.024Z"}
{"message":"https://localhost:3000 is not ok. TypeError: fetch failed","level":"high","createAt":"2024-07-08T18:32:35.018Z"}
{"message":"https://localhost:3000 is not ok. TypeError: fetch failed","level":"high","createAt":"2024-07-08T18:32:40.018Z"}
{"message":"https://localhost:3000 is not ok. TypeError: fetch failed","level":"high","createAt":"2024-07-08T18:32:45.021Z"}
{"message":"https://localhost:3000 is not ok. TypeError: fetch failed","level":"high","createAt":"2024-07-08T18:32:50.014Z"}
{"message":"https://localhost:3000 is not ok. TypeError: fetch failed","level":"high","createAt":"2024-07-08T18:32:55.023Z"}
{"message":"https://localhost:3000 is not ok. TypeError: fetch failed","level":"high","createAt":"2024-07-08T18:33:00.024Z"}
{"message":"https://localhost:3000 is not ok. TypeError: fetch failed","level":"high","createAt":"2024-07-08T18:33:05.024Z"}
{"message":"https://localhost:3000 is not ok. TypeError: fetch failed","level":"high","createAt":"2024-07-08T18:33:10.018Z"}
{"message":"https://localhost:3000 is not ok. TypeError: fetch failed","level":"high","createAt":"2024-07-08T18:33:15.011Z"}
{"message":"https://localhost:3000 is not ok. TypeError: fetch failed","level":"high","createAt":"2024-07-08T18:33:20.010Z"}
{"message":"https://localhost:3000 is not ok. TypeError: fetch failed","level":"high","createAt":"2024-07-08T18:33:25.020Z"}
{"message":"https://localhost:3000 is not ok. TypeError: fetch failed","level":"high","createAt":"2024-07-08T18:33:30.019Z"}
{"message":"https://localhost:3000 is not ok. TypeError: fetch failed","level":"high","createAt":"2024-07-08T18:33:35.019Z"}
{"message":"https://localhost:3000 is not ok. TypeError: fetch failed","level":"high","createAt":"2024-07-08T18:33:40.021Z"}
{"message":"https://localhost:3000 is not ok. TypeError: fetch failed","level":"high","createAt":"2024-07-08T18:33:45.018Z"}
{"message":"https://localhost:3000 is not ok. TypeError: fetch failed","level":"high","createAt":"2024-07-08T18:33:50.017Z"}
{"message":"https://localhost:3000 is not ok. TypeError: fetch failed","level":"high","createAt":"2024-07-08T18:33:55.015Z"}
{"message":"https://localhost:3000 is not ok. TypeError: fetch failed","level":"high","createAt":"2024-07-08T18:34:00.034Z"}
{"message":"https://localhost:3000 is not ok. TypeError: fetch failed","level":"high","createAt":"2024-07-08T18:34:05.017Z"}
{"message":"https://localhost:3000 is not ok. TypeError: fetch failed","level":"high","createAt":"2024-07-08T18:34:10.013Z"}
{"message":"https://localhost:3000 is not ok. TypeError: fetch failed","level":"high","createAt":"2024-07-08T18:34:15.016Z"}
{"message":"https://localhost:3000 is not ok. TypeError: fetch failed","level":"high","createAt":"2024-07-08T18:34:20.016Z"}
{"message":"https://localhost:3000 is not ok. TypeError: fetch failed","level":"high","createAt":"2024-07-08T18:34:25.020Z"}
{"message":"https://localhost:3000 is not ok. TypeError: fetch failed","level":"high","createAt":"2024-07-08T18:34:30.024Z"}
{"message":"https://localhost:3000 is not ok. TypeError: fetch failed","level":"high","createAt":"2024-07-08T18:34:35.022Z"}
{"message":"https://localhost:3000 is not ok. TypeError: fetch failed","level":"high","createAt":"2024-07-08T18:34:40.018Z"}
{"message":"https://localhost:3000 is not ok. TypeError: fetch failed","level":"high","createAt":"2024-07-08T18:34:45.017Z"}
{"message":"https://localhost:3000 is not ok. TypeError: fetch failed","level":"high","createAt":"2024-07-08T18:34:50.014Z"}
{"message":"https://localhost:3000 is not ok. TypeError: fetch failed","level":"high","createAt":"2024-07-08T18:34:55.005Z"}
{"message":"https://localhost:3000 is not ok. TypeError: fetch failed","level":"high","createAt":"2024-07-08T18:35:00.028Z"}
{"message":"https://localhost:3000 is not ok. TypeError: fetch failed","level":"high","createAt":"2024-07-08T18:35:05.014Z"}
{"message":"https://localhost:3000 is not ok. TypeError: fetch failed","level":"high","createAt":"2024-07-08T18:35:10.025Z"}
{"message":"https://localhost:3000 is not ok. TypeError: fetch failed","level":"high","createAt":"2024-07-08T18:35:15.021Z"}
{"message":"https://localhost:3000 is not ok. TypeError: fetch failed","level":"high","createAt":"2024-07-08T18:35:20.014Z"}
{"message":"https://localhost:3000 is not ok. TypeError: fetch failed","level":"high","createAt":"2024-07-08T18:35:25.017Z"}
{"message":"https://localhost:3000 is not ok. TypeError: fetch failed","level":"high","createAt":"2024-07-08T18:35:30.012Z"}
{"message":"https://localhost:3000 is not ok. TypeError: fetch failed","level":"high","createAt":"2024-07-08T18:35:35.009Z"}
{"message":"https://localhost:3000 is not ok. TypeError: fetch failed","level":"high","createAt":"2024-07-08T18:35:40.022Z"}
{"message":"https://localhost:3000 is not ok. TypeError: fetch failed","level":"high","createAt":"2024-07-08T18:35:45.015Z"}
{"message":"https://localhost:3000 is not ok. TypeError: fetch failed","level":"high","createAt":"2024-07-08T18:35:50.012Z"}
{"message":"https://localhost:3000 is not ok. TypeError: fetch failed","level":"high","createAt":"2024-07-08T18:35:55.022Z"}
{"message":"https://localhost:3000 is not ok. TypeError: fetch failed","level":"high","createAt":"2024-07-08T18:36:00.016Z"}
{"message":"https://localhost:3000 is not ok. TypeError: fetch failed","level":"high","createAt":"2024-07-08T18:36:05.013Z"}
{"message":"https://localhost:3000 is not ok. TypeError: fetch failed","level":"high","createAt":"2024-07-08T18:36:10.022Z"}
{"message":"https://localhost:3000 is not ok. TypeError: fetch failed","level":"high","createAt":"2024-07-08T18:36:15.016Z"}
{"message":"https://localhost:3000 is not ok. TypeError: fetch failed","level":"high","createAt":"2024-07-08T18:36:20.015Z"}
{"message":"https://localhost:3000 is not ok. TypeError: fetch failed","level":"high","createAt":"2024-07-08T18:36:25.011Z"}
{"message":"https://localhost:3000 is not ok. TypeError: fetch failed","level":"high","createAt":"2024-07-08T18:36:30.014Z"}
{"message":"https://localhost:3000 is not ok. TypeError: fetch failed","level":"high","createAt":"2024-07-08T18:36:35.016Z"}
{"message":"https://localhost:3000 is not ok. TypeError: fetch failed","level":"high","createAt":"2024-07-08T18:36:40.014Z"}
{"message":"https://localhost:3000 is not ok. TypeError: fetch failed","level":"high","createAt":"2024-07-08T18:36:45.018Z"}
{"message":"https://localhost:3000 is not ok. TypeError: fetch failed","level":"high","createAt":"2024-07-08T18:36:50.008Z"}
{"message":"https://localhost:3000 is not ok. TypeError: fetch failed","level":"high","createAt":"2024-07-08T18:36:55.014Z"}
{"message":"https://localhost:3000 is not ok. TypeError: fetch failed","level":"high","createAt":"2024-07-08T18:37:00.023Z"}
{"message":"https://localhost:3000 is not ok. TypeError: fetch failed","level":"high","createAt":"2024-07-08T18:37:05.013Z"}
{"message":"https://localhost:3000 is not ok. TypeError: fetch failed","level":"high","createAt":"2024-07-08T18:37:10.019Z"}
{"message":"https://localhost:3000 is not ok. TypeError: fetch failed","level":"high","createAt":"2024-07-08T18:37:15.020Z"}
{"message":"https://localhost:3000 is not ok. TypeError: fetch failed","level":"high","createAt":"2024-07-08T18:37:20.022Z"}
{"message":"https://localhost:3000 is not ok. TypeError: fetch failed","level":"high","createAt":"2024-07-08T18:37:25.008Z"}
{"message":"https://localhost:3000 is not ok. TypeError: fetch failed","level":"high","createAt":"2024-07-08T18:37:30.017Z"}
{"message":"https://localhost:3000 is not ok. TypeError: fetch failed","level":"high","createAt":"2024-07-08T18:37:35.020Z"}
{"message":"https://localhost:3000 is not ok. TypeError: fetch failed","level":"high","createAt":"2024-07-08T18:37:40.017Z"}
{"message":"https://localhost:3000 is not ok. TypeError: fetch failed","level":"high","createAt":"2024-07-08T18:37:45.011Z"}
{"message":"https://localhost:3000 is not ok. TypeError: fetch failed","level":"high","createAt":"2024-07-08T18:37:50.016Z"}
{"message":"https://localhost:3000 is not ok. TypeError: fetch failed","level":"high","createAt":"2024-07-08T18:37:55.022Z"}
{"message":"https://localhost:3000 is not ok. TypeError: fetch failed","level":"high","createAt":"2024-07-08T18:38:00.029Z"}
{"message":"https://localhost:3000 is not ok. TypeError: fetch failed","level":"high","createAt":"2024-07-08T18:38:05.012Z"}
{"message":"https://localhost:3000 is not ok. TypeError: fetch failed","level":"high","createAt":"2024-07-08T18:38:10.016Z"}
{"message":"https://localhost:3000 is not ok. TypeError: fetch failed","level":"high","createAt":"2024-07-08T18:38:15.018Z"}
{"message":"https://localhost:3000 is not ok. TypeError: fetch failed","level":"high","createAt":"2024-07-08T18:38:20.019Z"}
{"message":"https://localhost:3000 is not ok. TypeError: fetch failed","level":"high","createAt":"2024-07-08T18:38:25.013Z"}
{"message":"https://localhost:3000 is not ok. TypeError: fetch failed","level":"high","createAt":"2024-07-08T18:38:30.015Z"}
{"message":"https://localhost:3000 is not ok. TypeError: fetch failed","level":"high","createAt":"2024-07-08T18:38:35.019Z"}
{"message":"https://localhost:3000 is not ok. TypeError: fetch failed","level":"high","createAt":"2024-07-08T18:38:40.016Z"}
{"message":"https://localhost:3000 is not ok. TypeError: fetch failed","level":"high","createAt":"2024-07-08T18:38:45.007Z"}
{"message":"https://localhost:3000 is not ok. TypeError: fetch failed","level":"high","createAt":"2024-07-08T18:38:50.023Z"}
{"message":"https://localhost:3000 is not ok. TypeError: fetch failed","level":"high","createAt":"2024-07-08T18:38:55.010Z"}
{"message":"https://localhost:3000 is not ok. TypeError: fetch failed","level":"high","createAt":"2024-07-08T18:39:00.029Z"}
{"message":"https://localhost:3000 is not ok. TypeError: fetch failed","level":"high","createAt":"2024-07-08T18:39:05.018Z"}
{"message":"https://localhost:3000 is not ok. TypeError: fetch failed","level":"high","createAt":"2024-07-08T18:39:10.013Z"}
{"message":"https://localhost:3000 is not ok. TypeError: fetch failed","level":"high","createAt":"2024-07-08T18:39:15.015Z"}
{"message":"https://localhost:3000 is not ok. TypeError: fetch failed","level":"high","createAt":"2024-07-08T18:39:20.020Z"}
{"message":"https://localhost:3000 is not ok. TypeError: fetch failed","level":"high","createAt":"2024-07-08T18:39:25.020Z"}
{"message":"https://localhost:3000 is not ok. TypeError: fetch failed","level":"high","createAt":"2024-07-08T18:39:30.010Z"}
{"message":"https://localhost:3000 is not ok. TypeError: fetch failed","level":"high","createAt":"2024-07-08T18:39:35.009Z"}
{"message":"https://localhost:3000 is not ok. TypeError: fetch failed","level":"high","createAt":"2024-07-08T18:39:40.022Z"}
{"message":"https://localhost:3000 is not ok. TypeError: fetch failed","level":"high","createAt":"2024-07-08T18:39:45.016Z"}
{"message":"https://localhost:3000 is not ok. TypeError: fetch failed","level":"high","createAt":"2024-07-08T18:39:50.011Z"}
{"message":"https://localhost:3000 is not ok. TypeError: fetch failed","level":"high","createAt":"2024-07-08T18:39:55.015Z"}
{"message":"https://localhost:3000 is not ok. TypeError: fetch failed","level":"high","createAt":"2024-07-08T18:40:00.012Z"}
{"message":"https://localhost:3000 is not ok. TypeError: fetch failed","level":"high","createAt":"2024-07-08T18:40:05.022Z"}
{"message":"https://localhost:3000 is not ok. TypeError: fetch failed","level":"high","createAt":"2024-07-08T18:40:10.017Z"}
{"message":"https://localhost:3000 is not ok. TypeError: fetch failed","level":"high","createAt":"2024-07-08T18:40:15.024Z"}
{"message":"https://localhost:3000 is not ok. TypeError: fetch failed","level":"high","createAt":"2024-07-08T18:40:20.024Z"}
{"message":"https://localhost:3000 is not ok. TypeError: fetch failed","level":"high","createAt":"2024-07-08T18:40:25.011Z"}
{"message":"https://localhost:3000 is not ok. TypeError: fetch failed","level":"high","createAt":"2024-07-08T18:40:30.017Z"}
{"message":"https://localhost:3000 is not ok. TypeError: fetch failed","level":"high","createAt":"2024-07-08T18:40:35.016Z"}
{"message":"https://localhost:3000 is not ok. TypeError: fetch failed","level":"high","createAt":"2024-07-08T18:40:40.023Z"}
{"message":"https://localhost:3000 is not ok. TypeError: fetch failed","level":"high","createAt":"2024-07-08T18:40:45.016Z"}
{"message":"https://localhost:3000 is not ok. TypeError: fetch failed","level":"high","createAt":"2024-07-08T18:40:50.016Z"}
{"message":"https://localhost:3000 is not ok. TypeError: fetch failed","level":"high","createAt":"2024-07-08T18:40:55.023Z"}
{"message":"https://localhost:3000 is not ok. TypeError: fetch failed","level":"high","createAt":"2024-07-08T18:41:00.023Z"}
{"message":"https://localhost:3000 is not ok. TypeError: fetch failed","level":"high","createAt":"2024-07-08T18:41:05.021Z"}
{"message":"https://localhost:3000 is not ok. TypeError: fetch failed","level":"high","createAt":"2024-07-08T18:41:10.019Z"}
{"message":"https://localhost:3000 is not ok. TypeError: fetch failed","level":"high","createAt":"2024-07-08T18:41:15.015Z"}
{"message":"https://localhost:3000 is not ok. TypeError: fetch failed","level":"high","createAt":"2024-07-08T18:41:20.010Z"}
{"message":"https://localhost:3000 is not ok. TypeError: fetch failed","level":"high","createAt":"2024-07-08T18:41:25.016Z"}
{"message":"https://localhost:3000 is not ok. TypeError: fetch failed","level":"high","createAt":"2024-07-08T18:41:30.015Z"}
{"message":"https://localhost:3000 is not ok. TypeError: fetch failed","level":"high","createAt":"2024-07-08T18:41:35.022Z"}
{"message":"https://localhost:3000 is not ok. TypeError: fetch failed","level":"high","createAt":"2024-07-08T18:41:40.009Z"}
{"message":"https://localhost:3000 is not ok. TypeError: fetch failed","level":"high","createAt":"2024-07-08T18:41:45.010Z"}
{"message":"https://localhost:3000 is not ok. TypeError: fetch failed","level":"high","createAt":"2024-07-08T18:41:50.018Z"}
{"message":"https://localhost:3000 is not ok. TypeError: fetch failed","level":"high","createAt":"2024-07-08T18:41:55.014Z"}
{"message":"https://localhost:3000 is not ok. TypeError: fetch failed","level":"high","createAt":"2024-07-08T18:42:00.019Z"}
{"message":"https://localhost:3000 is not ok. TypeError: fetch failed","level":"high","createAt":"2024-07-08T18:42:05.022Z"}
{"message":"https://localhost:3000 is not ok. TypeError: fetch failed","level":"high","createAt":"2024-07-08T18:42:10.018Z"}
{"message":"https://localhost:3000 is not ok. TypeError: fetch failed","level":"high","createAt":"2024-07-08T18:42:15.018Z"}
{"message":"https://localhost:3000 is not ok. TypeError: fetch failed","level":"high","createAt":"2024-07-08T18:42:20.018Z"}
{"message":"https://localhost:3000 is not ok. TypeError: fetch failed","level":"high","createAt":"2024-07-08T18:42:25.013Z"}
{"message":"https://localhost:3000 is not ok. TypeError: fetch failed","level":"high","createAt":"2024-07-08T18:42:30.011Z"}
{"message":"https://localhost:3000 is not ok. TypeError: fetch failed","level":"high","createAt":"2024-07-08T18:42:35.009Z"}
{"message":"https://localhost:3000 is not ok. TypeError: fetch failed","level":"high","createAt":"2024-07-08T18:42:40.007Z"}
{"message":"https://localhost:3000 is not ok. TypeError: fetch failed","level":"high","createAt":"2024-07-08T18:42:45.008Z"}
{"message":"https://localhost:3000 is not ok. TypeError: fetch failed","level":"high","createAt":"2024-07-08T18:42:50.019Z"}
{"message":"https://localhost:3000 is not ok. TypeError: fetch failed","level":"high","createAt":"2024-07-08T18:42:55.020Z"}
{"message":"https://localhost:3000 is not ok. TypeError: fetch failed","level":"high","createAt":"2024-07-08T18:43:00.042Z"}
{"message":"https://localhost:3000 is not ok. TypeError: fetch failed","level":"high","createAt":"2024-07-08T18:43:05.022Z"}
{"message":"https://localhost:3000 is not ok. TypeError: fetch failed","level":"high","createAt":"2024-07-08T18:43:10.007Z"}
{"message":"https://localhost:3000 is not ok. TypeError: fetch failed","level":"high","createAt":"2024-07-08T18:43:15.019Z"}
{"message":"https://localhost:3000 is not ok. TypeError: fetch failed","level":"high","createAt":"2024-07-08T18:43:20.018Z"}
{"message":"https://localhost:3000 is not ok. TypeError: fetch failed","level":"high","createAt":"2024-07-08T18:43:25.021Z"}
{"message":"https://localhost:3000 is not ok. TypeError: fetch failed","level":"high","createAt":"2024-07-08T18:43:30.010Z"}
{"message":"https://localhost:3000 is not ok. TypeError: fetch failed","level":"high","createAt":"2024-07-08T18:43:35.011Z"}
{"message":"https://localhost:3000 is not ok. TypeError: fetch failed","level":"high","createAt":"2024-07-08T18:43:40.011Z"}
{"message":"https://localhost:3000 is not ok. TypeError: fetch failed","level":"high","createAt":"2024-07-08T18:43:45.021Z"}
{"message":"https://localhost:3000 is not ok. TypeError: fetch failed","level":"high","createAt":"2024-07-08T18:43:50.010Z"}
{"message":"https://localhost:3000 is not ok. TypeError: fetch failed","level":"high","createAt":"2024-07-08T18:43:55.007Z"}
{"message":"https://localhost:3000 is not ok. TypeError: fetch failed","level":"high","createAt":"2024-07-08T18:44:00.023Z"}
{"message":"https://localhost:3000 is not ok. TypeError: fetch failed","level":"high","createAt":"2024-07-08T18:44:05.022Z"}
{"message":"https://localhost:3000 is not ok. TypeError: fetch failed","level":"high","createAt":"2024-07-08T18:44:10.008Z"}
{"message":"https://localhost:3000 is not ok. TypeError: fetch failed","level":"high","createAt":"2024-07-08T18:44:15.011Z"}
{"message":"https://localhost:3000 is not ok. TypeError: fetch failed","level":"high","createAt":"2024-07-08T18:44:20.019Z"}
{"message":"https://localhost:3000 is not ok. TypeError: fetch failed","level":"high","createAt":"2024-07-08T18:44:25.016Z"}
{"message":"https://localhost:3000 is not ok. TypeError: fetch failed","level":"high","createAt":"2024-07-08T18:44:30.013Z"}
{"message":"https://localhost:3000 is not ok. TypeError: fetch failed","level":"high","createAt":"2024-07-08T18:44:35.016Z"}
{"message":"https://localhost:3000 is not ok. TypeError: fetch failed","level":"high","createAt":"2024-07-08T18:44:40.012Z"}
{"message":"https://localhost:3000 is not ok. TypeError: fetch failed","level":"high","createAt":"2024-07-08T18:44:45.009Z"}
{"message":"https://localhost:3000 is not ok. TypeError: fetch failed","level":"high","createAt":"2024-07-08T18:44:50.013Z"}
{"message":"https://localhost:3000 is not ok. TypeError: fetch failed","level":"high","createAt":"2024-07-08T18:44:55.012Z"}
{"message":"https://localhost:3000 is not ok. TypeError: fetch failed","level":"high","createAt":"2024-07-08T18:45:00.020Z"}
{"message":"https://localhost:3000 is not ok. TypeError: fetch failed","level":"high","createAt":"2024-07-08T18:45:05.022Z"}
{"message":"https://localhost:3000 is not ok. TypeError: fetch failed","level":"high","createAt":"2024-07-08T18:45:10.016Z"}
{"message":"https://localhost:3000 is not ok. TypeError: fetch failed","level":"high","createAt":"2024-07-08T18:45:15.020Z"}
{"message":"https://localhost:3000 is not ok. TypeError: fetch failed","level":"high","createAt":"2024-07-08T18:45:20.018Z"}
{"message":"https://localhost:3000 is not ok. TypeError: fetch failed","level":"high","createAt":"2024-07-08T18:45:25.023Z"}
{"message":"https://localhost:3000 is not ok. TypeError: fetch failed","level":"high","createAt":"2024-07-08T18:45:30.018Z"}
{"message":"https://localhost:3000 is not ok. TypeError: fetch failed","level":"high","createAt":"2024-07-08T18:45:35.017Z"}
{"message":"https://localhost:3000 is not ok. TypeError: fetch failed","level":"high","createAt":"2024-07-08T18:45:40.022Z"}
{"message":"https://localhost:3000 is not ok. TypeError: fetch failed","level":"high","createAt":"2024-07-08T18:45:45.012Z"}
{"message":"https://localhost:3000 is not ok. TypeError: fetch failed","level":"high","createAt":"2024-07-08T18:45:50.019Z"}
{"message":"https://localhost:3000 is not ok. TypeError: fetch failed","level":"high","createAt":"2024-07-08T18:45:55.025Z"}
{"message":"https://localhost:3000 is not ok. TypeError: fetch failed","level":"high","createAt":"2024-07-08T18:46:00.025Z"}
{"message":"https://localhost:3000 is not ok. TypeError: fetch failed","level":"high","createAt":"2024-07-08T18:46:05.008Z"}
{"message":"https://localhost:3000 is not ok. TypeError: fetch failed","level":"high","createAt":"2024-07-08T18:47:40.289Z"}
{"message":"https://localhost:3000 is not ok. TypeError: fetch failed","level":"high","createAt":"2024-07-08T18:47:45.024Z"}
{"message":"https://localhost:3000 is not ok. TypeError: fetch failed","level":"high","createAt":"2024-07-08T18:47:50.018Z"}
{"message":"https://localhost:3000 is not ok. TypeError: fetch failed","level":"high","createAt":"2024-07-08T18:47:55.017Z"}
{"message":"https://localhost:3000 is not ok. TypeError: fetch failed","level":"high","createAt":"2024-07-08T18:48:00.032Z"}
{"message":"https://localhost:3000 is not ok. TypeError: fetch failed","level":"high","createAt":"2024-07-08T18:48:05.019Z"}
{"message":"https://localhost:3000 is not ok. TypeError: fetch failed","level":"high","createAt":"2024-07-08T18:48:10.022Z"}
{"message":"https://localhost:3000 is not ok. TypeError: fetch failed","level":"high","createAt":"2024-07-08T18:48:15.020Z"}
{"message":"https://localhost:3000 is not ok. TypeError: fetch failed","level":"high","createAt":"2024-07-08T18:48:20.021Z"}
{"message":"https://localhost:3000 is not ok. TypeError: fetch failed","level":"high","createAt":"2024-07-08T18:48:55.234Z"}
{"message":"https://localhost:3000 is not ok. TypeError: fetch failed","level":"high","createAt":"2024-07-08T18:49:00.027Z"}
{"message":"https://localhost:3000 is not ok. TypeError: fetch failed","level":"high","createAt":"2024-07-08T18:49:05.026Z"}
{"message":"https://localhost:3000 is not ok. TypeError: fetch failed","level":"high","createAt":"2024-07-08T18:49:10.015Z"}
{"message":"https://localhost:3000 is not ok. TypeError: fetch failed","level":"high","createAt":"2024-07-08T18:49:15.012Z"}
{"message":"https://localhost:3000 is not ok. TypeError: fetch failed","level":"high","createAt":"2024-07-08T18:49:20.017Z"}
{"message":"https://localhost:3000 is not ok. TypeError: fetch failed","level":"high","createAt":"2024-07-08T18:49:25.042Z"}
{"message":"https://localhost:3000 is not ok. TypeError: fetch failed","level":"high","createAt":"2024-07-08T18:49:30.020Z"}
{"message":"https://localhost:3000 is not ok. TypeError: fetch failed","level":"high","createAt":"2024-07-08T18:49:35.020Z"}
{"message":"https://localhost:3000 is not ok. TypeError: fetch failed","level":"high","createAt":"2024-07-08T18:49:40.007Z"}
{"message":"https://localhost:3000 is not ok. TypeError: fetch failed","level":"high","createAt":"2024-07-08T18:49:45.238Z"}
{"message":"https://localhost:3000 is not ok. TypeError: fetch failed","level":"high","createAt":"2024-07-08T18:49:50.023Z"}
{"message":"https://localhost:3000 is not ok. TypeError: fetch failed","level":"high","createAt":"2024-07-08T18:49:55.009Z"}
{"message":"https://localhost:3000 is not ok. TypeError: fetch failed","level":"high","createAt":"2024-07-08T18:50:00.025Z"}
{"message":"https://localhost:3000 is not ok. TypeError: fetch failed","level":"high","createAt":"2024-07-08T18:50:05.024Z"}
{"message":"https://localhost:3000 is not ok. TypeError: fetch failed","level":"high","createAt":"2024-07-08T18:50:10.018Z"}
{"message":"https://localhost:3000 is not ok. TypeError: fetch failed","level":"high","createAt":"2024-07-08T18:50:15.205Z"}
{"message":"https://localhost:3000 is not ok. TypeError: fetch failed","level":"high","createAt":"2024-07-08T18:50:20.013Z"}
{"message":"https://localhost:3000 is not ok. TypeError: fetch failed","level":"high","createAt":"2024-07-08T18:50:25.024Z"}
{"message":"https://localhost:3000 is not ok. TypeError: fetch failed","level":"high","createAt":"2024-07-08T18:50:30.022Z"}
{"message":"https://localhost:3000 is not ok. TypeError: fetch failed","level":"high","createAt":"2024-07-08T18:50:35.021Z"}
{"message":"https://localhost:3000 is not ok. TypeError: fetch failed","level":"high","createAt":"2024-07-08T18:50:40.021Z"}
{"message":"https://localhost:3000 is not ok. TypeError: fetch failed","level":"high","createAt":"2024-07-08T18:50:45.205Z"}
{"message":"https://localhost:3000 is not ok. TypeError: fetch failed","level":"high","createAt":"2024-07-08T18:50:50.029Z"}
{"message":"https://localhost:3000 is not ok. TypeError: fetch failed","level":"high","createAt":"2024-07-08T18:50:55.010Z"}
{"message":"https://localhost:3000 is not ok. TypeError: fetch failed","level":"high","createAt":"2024-07-08T18:51:00.018Z"}
{"message":"https://localhost:3000 is not ok. TypeError: fetch failed","level":"high","createAt":"2024-07-08T18:51:05.010Z"}
{"message":"https://localhost:3000 is not ok. TypeError: fetch failed","level":"high","createAt":"2024-07-08T18:51:10.008Z"}
{"message":"https://localhost:3000 is not ok. TypeError: fetch failed","level":"high","createAt":"2024-07-08T18:51:15.026Z"}
{"message":"https://localhost:3000 is not ok. TypeError: fetch failed","level":"high","createAt":"2024-07-08T18:51:20.025Z"}
{"message":"https://localhost:3000 is not ok. TypeError: fetch failed","level":"high","createAt":"2024-07-08T18:51:25.014Z"}
{"message":"https://localhost:3000 is not ok. TypeError: fetch failed","level":"high","createAt":"2024-07-08T18:51:30.015Z"}
{"message":"https://localhost:3000 is not ok. TypeError: fetch failed","level":"high","createAt":"2024-07-08T18:51:35.028Z"}
{"message":"https://localhost:3000 is not ok. TypeError: fetch failed","level":"high","createAt":"2024-07-08T18:51:40.021Z"}
{"message":"https://localhost:3000 is not ok. TypeError: fetch failed","level":"high","createAt":"2024-07-08T18:51:45.019Z"}
{"message":"https://localhost:3000 is not ok. TypeError: fetch failed","level":"high","createAt":"2024-07-08T18:51:50.017Z"}
{"message":"https://localhost:3000 is not ok. TypeError: fetch failed","level":"high","createAt":"2024-07-08T18:51:55.022Z"}
{"message":"https://localhost:3000 is not ok. TypeError: fetch failed","level":"high","createAt":"2024-07-08T18:52:00.025Z"}
{"message":"https://localhost:3000 is not ok. TypeError: fetch failed","level":"high","createAt":"2024-07-08T18:52:05.020Z"}
{"message":"https://localhost:3000 is not ok. TypeError: fetch failed","level":"high","createAt":"2024-07-08T18:52:10.250Z"}
{"message":"https://localhost:3000 is not ok. TypeError: fetch failed","level":"high","createAt":"2024-07-08T18:52:15.014Z"}
{"message":"https://localhost:3000 is not ok. TypeError: fetch failed","level":"high","createAt":"2024-07-08T18:52:20.015Z"}
{"message":"https://localhost:3000 is not ok. TypeError: fetch failed","level":"high","createAt":"2024-07-08T18:52:25.021Z"}
{"message":"https://localhost:3000 is not ok. TypeError: fetch failed","level":"high","createAt":"2024-07-08T18:52:30.019Z"}
{"message":"https://localhost:3000 is not ok. TypeError: fetch failed","level":"high","createAt":"2024-07-08T18:52:35.024Z"}
{"message":"https://localhost:3000 is not ok. TypeError: fetch failed","level":"high","createAt":"2024-07-08T18:52:40.043Z"}
{"message":"https://localhost:3000 is not ok. TypeError: fetch failed","level":"high","createAt":"2024-07-08T18:52:50.274Z"}
{"message":"https://localhost:3000 is not ok. TypeError: fetch failed","level":"high","createAt":"2024-07-08T18:52:55.015Z"}
{"message":"https://localhost:3000 is not ok. TypeError: fetch failed","level":"high","createAt":"2024-07-08T18:53:00.028Z"}
{"message":"https://localhost:3000 is not ok. TypeError: fetch failed","level":"high","createAt":"2024-07-08T18:53:05.045Z"}
{"message":"https://localhost:3000 is not ok. TypeError: fetch failed","level":"high","createAt":"2024-07-08T18:53:10.026Z"}
{"message":"https://localhost:3000 is not ok. TypeError: fetch failed","level":"high","createAt":"2024-07-08T18:53:15.023Z"}
{"message":"https://localhost:3000 is not ok. TypeError: fetch failed","level":"high","createAt":"2024-07-08T18:53:20.023Z"}
{"message":"https://localhost:3000 is not ok. TypeError: fetch failed","level":"high","createAt":"2024-07-08T18:53:25.018Z"}
{"message":"https://localhost:3000 is not ok. TypeError: fetch failed","level":"high","createAt":"2024-07-08T18:53:30.243Z"}
{"message":"https://localhost:3000 is not ok. TypeError: fetch failed","level":"high","createAt":"2024-07-08T18:53:40.399Z"}
{"message":"https://localhost:3000 is not ok. TypeError: fetch failed","level":"high","createAt":"2024-07-08T18:53:45.011Z"}
{"message":"service https:google.com working","level":"low","createAt":"2024-07-08T19:13:46.522Z"}
{"message":"service https:google.com working","level":"low","createAt":"2024-07-08T19:17:31.375Z"}
{"message":"service https:google.com working","level":"low","createAt":"2024-07-08T19:17:35.507Z"}
{"message":"service https:google.com working","level":"low","createAt":"2024-07-08T19:17:41.013Z"}
{"message":"service https:google.com working","level":"low","createAt":"2024-07-08T19:17:51.169Z"}
{"message":"service https:google.com working","level":"low","createAt":"2024-07-08T19:17:55.553Z"}
{"message":"service https:google.com working","level":"low","createAt":"2024-07-08T19:18:00.699Z"}
{"message":"service https:google.com working","level":"low","createAt":"2024-07-08T19:18:16.194Z"}
{"message":"service https:google.com working","level":"low","createAt":"2024-07-08T19:18:20.503Z"}
